08:57:26.274 [main] INFO bft.util.BlockCutter - Updated PreferredMaxBytes: {bftchannel=524288}
08:57:26.276 [main] INFO bft.util.BlockCutter - Updated MaxMessageCount: {bftchannel=10}
08:57:26.276 [main] INFO bft.skeen.SkeenOrderingNode - BlockCutter inicializado — canal=bftchannel preferredMaxBytes=524288 maxMsgCount=10
08:57:26.282 [main] INFO bft.skeen.SkeenOrderingNode - Peer: ShardB -> localhost:12001
08:57:26.283 [main] INFO bft.skeen.SkeenOrderingNode - SkeenOrderingNode pronto — shard=ShardA porta=12000
08:57:26.287 [skeen-accept] INFO bft.skeen.SkeenNetwork - Skeen ouvindo na porta 12000
08:57:26.289 [skeen-conn-ShardB] WARN bft.skeen.SkeenNetwork - Aguardando shard ShardB...
08:57:27.290 [skeen-conn-ShardB] WARN bft.skeen.SkeenNetwork - Aguardando shard ShardB...
08:57:28.291 [skeen-conn-ShardB] WARN bft.skeen.SkeenNetwork - Aguardando shard ShardB...
08:57:29.292 [skeen-conn-ShardB] WARN bft.skeen.SkeenNetwork - Aguardando shard ShardB...
08:57:30.292 [skeen-conn-ShardB] WARN bft.skeen.SkeenNetwork - Aguardando shard ShardB...
08:57:31.293 [skeen-conn-ShardB] WARN bft.skeen.SkeenNetwork - Aguardando shard ShardB...
08:57:32.294 [skeen-conn-ShardB] WARN bft.skeen.SkeenNetwork - Aguardando shard ShardB...
08:57:33.295 [skeen-conn-ShardB] WARN bft.skeen.SkeenNetwork - Aguardando shard ShardB...
08:57:34.296 [skeen-conn-ShardB] WARN bft.skeen.SkeenNetwork - Aguardando shard ShardB...
08:57:35.297 [skeen-conn-ShardB] WARN bft.skeen.SkeenNetwork - Aguardando shard ShardB...
08:57:36.298 [skeen-conn-ShardB] WARN bft.skeen.SkeenNetwork - Aguardando shard ShardB...
08:57:37.299 [skeen-conn-ShardB] WARN bft.skeen.SkeenNetwork - Aguardando shard ShardB...
08:57:38.300 [skeen-conn-ShardB] WARN bft.skeen.SkeenNetwork - Aguardando shard ShardB...
08:57:39.300 [skeen-conn-ShardB] WARN bft.skeen.SkeenNetwork - Aguardando shard ShardB...
08:57:40.301 [skeen-conn-ShardB] WARN bft.skeen.SkeenNetwork - Aguardando shard ShardB...
08:57:41.302 [skeen-conn-ShardB] WARN bft.skeen.SkeenNetwork - Aguardando shard ShardB...
08:57:42.304 [skeen-conn-ShardB] WARN bft.skeen.SkeenNetwork - Aguardando shard ShardB...
08:57:43.305 [skeen-conn-ShardB] WARN bft.skeen.SkeenNetwork - Aguardando shard ShardB...
08:57:44.307 [skeen-conn-ShardB] WARN bft.skeen.SkeenNetwork - Aguardando shard ShardB...
08:57:45.307 [skeen-conn-ShardB] WARN bft.skeen.SkeenNetwork - Aguardando shard ShardB...
08:57:46.308 [skeen-conn-ShardB] WARN bft.skeen.SkeenNetwork - Aguardando shard ShardB...
08:57:47.309 [skeen-conn-ShardB] WARN bft.skeen.SkeenNetwork - Aguardando shard ShardB...
08:57:48.309 [skeen-conn-ShardB] WARN bft.skeen.SkeenNetwork - Aguardando shard ShardB...
08:57:49.310 [skeen-conn-ShardB] WARN bft.skeen.SkeenNetwork - Aguardando shard ShardB...
08:57:50.311 [skeen-conn-ShardB] WARN bft.skeen.SkeenNetwork - Aguardando shard ShardB...
08:57:51.312 [skeen-conn-ShardB] WARN bft.skeen.SkeenNetwork - Aguardando shard ShardB...
08:57:52.313 [skeen-conn-ShardB] WARN bft.skeen.SkeenNetwork - Aguardando shard ShardB...
08:57:53.314 [skeen-conn-ShardB] WARN bft.skeen.SkeenNetwork - Aguardando shard ShardB...
08:57:54.315 [skeen-conn-ShardB] WARN bft.skeen.SkeenNetwork - Aguardando shard ShardB...
08:57:55.316 [skeen-conn-ShardB] WARN bft.skeen.SkeenNetwork - Aguardando shard ShardB...
08:57:56.318 [skeen-conn-ShardB] WARN bft.skeen.SkeenNetwork - Aguardando shard ShardB...
08:57:57.319 [skeen-conn-ShardB] WARN bft.skeen.SkeenNetwork - Aguardando shard ShardB...
08:57:58.320 [skeen-conn-ShardB] WARN bft.skeen.SkeenNetwork - Aguardando shard ShardB...
08:57:59.321 [skeen-conn-ShardB] WARN bft.skeen.SkeenNetwork - Aguardando shard ShardB...
08:58:00.322 [skeen-conn-ShardB] WARN bft.skeen.SkeenNetwork - Aguardando shard ShardB...
08:58:01.323 [skeen-conn-ShardB] WARN bft.skeen.SkeenNetwork - Aguardando shard ShardB...
08:58:02.323 [skeen-conn-ShardB] WARN bft.skeen.SkeenNetwork - Aguardando shard ShardB...
08:58:03.324 [skeen-conn-ShardB] WARN bft.skeen.SkeenNetwork - Aguardando shard ShardB...
08:58:04.325 [skeen-conn-ShardB] WARN bft.skeen.SkeenNetwork - Aguardando shard ShardB...
08:58:05.326 [skeen-conn-ShardB] WARN bft.skeen.SkeenNetwork - Aguardando shard ShardB...
08:58:06.327 [skeen-conn-ShardB] WARN bft.skeen.SkeenNetwork - Aguardando shard ShardB...
08:58:07.328 [skeen-conn-ShardB] WARN bft.skeen.SkeenNetwork - Aguardando shard ShardB...
08:58:08.329 [skeen-conn-ShardB] WARN bft.skeen.SkeenNetwork - Aguardando shard ShardB...
08:58:09.330 [skeen-conn-ShardB] WARN bft.skeen.SkeenNetwork - Aguardando shard ShardB...
08:58:10.331 [skeen-conn-ShardB] WARN bft.skeen.SkeenNetwork - Aguardando shard ShardB...
08:58:11.332 [skeen-conn-ShardB] WARN bft.skeen.SkeenNetwork - Aguardando shard ShardB...
08:58:12.333 [skeen-conn-ShardB] WARN bft.skeen.SkeenNetwork - Aguardando shard ShardB...
08:58:13.335 [skeen-conn-ShardB] WARN bft.skeen.SkeenNetwork - Aguardando shard ShardB...
08:58:14.336 [skeen-conn-ShardB] WARN bft.skeen.SkeenNetwork - Aguardando shard ShardB...
08:58:15.337 [skeen-conn-ShardB] WARN bft.skeen.SkeenNetwork - Aguardando shard ShardB...
08:58:16.338 [skeen-conn-ShardB] WARN bft.skeen.SkeenNetwork - Aguardando shard ShardB...
08:58:17.339 [skeen-conn-ShardB] WARN bft.skeen.SkeenNetwork - Aguardando shard ShardB...
08:58:18.340 [skeen-conn-ShardB] WARN bft.skeen.SkeenNetwork - Aguardando shard ShardB...
08:58:19.340 [skeen-conn-ShardB] WARN bft.skeen.SkeenNetwork - Aguardando shard ShardB...
08:58:20.341 [skeen-conn-ShardB] WARN bft.skeen.SkeenNetwork - Aguardando shard ShardB...
08:58:21.342 [skeen-conn-ShardB] WARN bft.skeen.SkeenNetwork - Aguardando shard ShardB...
08:58:22.343 [skeen-conn-ShardB] WARN bft.skeen.SkeenNetwork - Aguardando shard ShardB...
08:58:23.344 [skeen-conn-ShardB] WARN bft.skeen.SkeenNetwork - Aguardando shard ShardB...
08:58:24.345 [skeen-conn-ShardB] WARN bft.skeen.SkeenNetwork - Aguardando shard ShardB...
08:58:25.345 [skeen-conn-ShardB] WARN bft.skeen.SkeenNetwork - Aguardando shard ShardB...
08:58:26.348 [skeen-conn-ShardB] WARN bft.skeen.SkeenNetwork - Aguardando shard ShardB...
08:58:27.349 [skeen-conn-ShardB] WARN bft.skeen.SkeenNetwork - Aguardando shard ShardB...
08:58:28.350 [skeen-conn-ShardB] WARN bft.skeen.SkeenNetwork - Aguardando shard ShardB...
08:58:29.351 [skeen-conn-ShardB] WARN bft.skeen.SkeenNetwork - Aguardando shard ShardB...
08:58:30.352 [skeen-conn-ShardB] WARN bft.skeen.SkeenNetwork - Aguardando shard ShardB...
08:58:31.353 [skeen-conn-ShardB] WARN bft.skeen.SkeenNetwork - Aguardando shard ShardB...
08:58:32.354 [skeen-conn-ShardB] WARN bft.skeen.SkeenNetwork - Aguardando shard ShardB...
08:58:33.355 [skeen-conn-ShardB] WARN bft.skeen.SkeenNetwork - Aguardando shard ShardB...
08:58:34.356 [skeen-conn-ShardB] WARN bft.skeen.SkeenNetwork - Aguardando shard ShardB...
08:58:35.356 [skeen-conn-ShardB] WARN bft.skeen.SkeenNetwork - Aguardando shard ShardB...
08:58:36.357 [skeen-conn-ShardB] WARN bft.skeen.SkeenNetwork - Aguardando shard ShardB...
08:58:37.358 [skeen-conn-ShardB] WARN bft.skeen.SkeenNetwork - Aguardando shard ShardB...
08:58:38.360 [skeen-conn-ShardB] INFO bft.skeen.SkeenNetwork - Conectado ao shard ShardB
08:59:11.789 [skeen-read] INFO bft.skeen.SkeenNode - [ShardA] recebeu START msgId=msg-001 de=TestClient
08:59:11.790 [skeen-read] INFO bft.skeen.SkeenNode - [ShardA] timestamp local=1 para msgId=msg-001 (sem payload local — não registra em local[])
08:59:11.790 [skeen-read] INFO bft.skeen.SkeenNode - [ShardA] recebeu LOCAL_TS msgId=msg-001 de=ShardA ts=1
08:59:11.790 [skeen-read] INFO bft.skeen.SkeenNode - [ShardA] LOCAL_TS recebidos=1 esperados=2 para msgId=msg-001
08:59:11.791 [skeen-read] INFO bft.skeen.SkeenNode - [ShardA] recebeu LOCAL_TS msgId=msg-001 de=ShardB ts=1
08:59:11.791 [skeen-read] INFO bft.skeen.SkeenNode - [ShardA] LOCAL_TS recebidos=2 esperados=2 para msgId=msg-001
08:59:11.803 [skeen-read] INFO bft.skeen.SkeenNode - [ShardA] timestamp final=1 para msgId=msg-001
08:59:11.805 [skeen-read] INFO bft.skeen.SkeenNode - [ShardA] recebeu ACK msgId=msg-001 de=ShardA
08:59:11.805 [skeen-read] INFO bft.skeen.SkeenNode - [ShardA] ACKs recebidos=1 esperados=2 para msgId=msg-001
08:59:11.806 [skeen-read] INFO bft.skeen.SkeenNode - [ShardA] recebeu ACK msgId=msg-001 de=ShardB
08:59:11.806 [skeen-read] INFO bft.skeen.SkeenNode - [ShardA] ACKs recebidos=2 esperados=2 para msgId=msg-001
08:59:11.810 [skeen-read] INFO bft.skeen.SkeenNode - [ShardA] *** ENTREGOU msgId=msg-001 finalTs=1 canal=bftchannel ***
08:59:11.810 [skeen-read] INFO bft.skeen.SkeenOrderingNode - Skeen entregou msgId=msg-001 canal=bftchannel — repassando ao BFTNode via AsynchServiceProxy
08:59:11.989 [skeen-read] INFO bft.skeen.SkeenNode - [ShardA] recebeu START msgId=msg-002 de=TestClient
08:59:11.990 [skeen-read] INFO bft.skeen.SkeenNode - [ShardA] timestamp local=2 para msgId=msg-002 (sem payload local — não registra em local[])
08:59:11.990 [skeen-read] INFO bft.skeen.SkeenNode - [ShardA] recebeu LOCAL_TS msgId=msg-002 de=ShardA ts=2
08:59:11.990 [skeen-read] INFO bft.skeen.SkeenNode - [ShardA] LOCAL_TS recebidos=1 esperados=2 para msgId=msg-002
08:59:11.990 [skeen-read] INFO bft.skeen.SkeenNode - [ShardA] recebeu LOCAL_TS msgId=msg-002 de=ShardB ts=2
08:59:11.991 [skeen-read] INFO bft.skeen.SkeenNode - [ShardA] LOCAL_TS recebidos=2 esperados=2 para msgId=msg-002
08:59:11.991 [skeen-read] INFO bft.skeen.SkeenNode - [ShardA] timestamp final=2 para msgId=msg-002
08:59:11.991 [skeen-read] INFO bft.skeen.SkeenNode - [ShardA] recebeu ACK msgId=msg-002 de=ShardA
08:59:11.991 [skeen-read] INFO bft.skeen.SkeenNode - [ShardA] ACKs recebidos=1 esperados=2 para msgId=msg-002
08:59:11.991 [skeen-read] INFO bft.skeen.SkeenNode - [ShardA] recebeu ACK msgId=msg-002 de=ShardB
08:59:11.991 [skeen-read] INFO bft.skeen.SkeenNode - [ShardA] ACKs recebidos=2 esperados=2 para msgId=msg-002
08:59:11.991 [skeen-read] INFO bft.skeen.SkeenNode - [ShardA] *** ENTREGOU msgId=msg-002 finalTs=2 canal=bftchannel ***
08:59:11.991 [skeen-read] INFO bft.skeen.SkeenOrderingNode - Skeen entregou msgId=msg-002 canal=bftchannel — repassando ao BFTNode via AsynchServiceProxy
08:59:12.190 [skeen-read] INFO bft.skeen.SkeenNode - [ShardA] recebeu START msgId=msg-003 de=TestClient
08:59:12.191 [skeen-read] INFO bft.skeen.SkeenNode - [ShardA] timestamp local=3 para msgId=msg-003 (sem payload local — não registra em local[])
08:59:12.191 [skeen-read] INFO bft.skeen.SkeenNode - [ShardA] recebeu LOCAL_TS msgId=msg-003 de=ShardA ts=3
08:59:12.191 [skeen-read] INFO bft.skeen.SkeenNode - [ShardA] LOCAL_TS recebidos=1 esperados=2 para msgId=msg-003
08:59:12.191 [skeen-read] INFO bft.skeen.SkeenNode - [ShardA] recebeu LOCAL_TS msgId=msg-003 de=ShardB ts=3
08:59:12.191 [skeen-read] INFO bft.skeen.SkeenNode - [ShardA] LOCAL_TS recebidos=2 esperados=2 para msgId=msg-003
08:59:12.191 [skeen-read] INFO bft.skeen.SkeenNode - [ShardA] timestamp final=3 para msgId=msg-003
08:59:12.192 [skeen-read] INFO bft.skeen.SkeenNode - [ShardA] recebeu ACK msgId=msg-003 de=ShardA
08:59:12.192 [skeen-read] INFO bft.skeen.SkeenNode - [ShardA] ACKs recebidos=1 esperados=2 para msgId=msg-003
08:59:12.192 [skeen-read] INFO bft.skeen.SkeenNode - [ShardA] recebeu ACK msgId=msg-003 de=ShardB
08:59:12.192 [skeen-read] INFO bft.skeen.SkeenNode - [ShardA] ACKs recebidos=2 esperados=2 para msgId=msg-003
08:59:12.192 [skeen-read] INFO bft.skeen.SkeenNode - [ShardA] *** ENTREGOU msgId=msg-003 finalTs=3 canal=bftchannel ***
08:59:12.192 [skeen-read] INFO bft.skeen.SkeenOrderingNode - Skeen entregou msgId=msg-003 canal=bftchannel — repassando ao BFTNode via AsynchServiceProxy
